0 info it worked if it ends with ok
1 verbose cli [ 'C:\\Program Files\\nodejs\\\\node.exe',
1 verbose cli   'C:\\Program Files\\nodejs\\node_modules\\npm\\bin\\npm-cli.js',
1 verbose cli   'publish',
1 verbose cli   './' ]
2 info using npm@1.4.28
3 info using node@v0.10.35
4 verbose node symlink C:\Program Files\nodejs\\node.exe
5 verbose publish [ './' ]
6 verbose cache add [ './', null ]
7 verbose cache add name=undefined spec="./" args=["./",null]
8 verbose parsed url { protocol: null,
8 verbose parsed url   slashes: null,
8 verbose parsed url   auth: null,
8 verbose parsed url   host: null,
8 verbose parsed url   port: null,
8 verbose parsed url   hostname: null,
8 verbose parsed url   hash: null,
8 verbose parsed url   search: null,
8 verbose parsed url   query: null,
8 verbose parsed url   pathname: './',
8 verbose parsed url   path: './',
8 verbose parsed url   href: './' }
9 silly lockFile 0ee6c175- ./
10 verbose lock ./ C:\Users\sfrees\AppData\Roaming\npm-cache\0ee6c175-.lock
11 verbose tar pack [ 'C:\\Users\\sfrees\\AppData\\Roaming\\npm-cache\\g4\\0.0.1\\package.tgz',
11 verbose tar pack   './' ]
12 verbose tarball C:\Users\sfrees\AppData\Roaming\npm-cache\g4\0.0.1\package.tgz
13 verbose folder ./
14 info prepublish g4@0.0.1
15 silly lockFile 04cb2bca-tar tar://./
16 verbose lock tar://./ C:\Users\sfrees\AppData\Roaming\npm-cache\04cb2bca-tar.lock
17 silly lockFile 8ff53aac-g-npm-cache-g4-0-0-1-package-tgz tar://C:\Users\sfrees\AppData\Roaming\npm-cache\g4\0.0.1\package.tgz
18 verbose lock tar://C:\Users\sfrees\AppData\Roaming\npm-cache\g4\0.0.1\package.tgz C:\Users\sfrees\AppData\Roaming\npm-cache\8ff53aac-g-npm-cache-g4-0-0-1-package-tgz.lock
19 silly lockFile 04cb2bca-tar tar://./
20 silly lockFile 04cb2bca-tar tar://./
21 silly lockFile 8ff53aac-g-npm-cache-g4-0-0-1-package-tgz tar://C:\Users\sfrees\AppData\Roaming\npm-cache\g4\0.0.1\package.tgz
22 silly lockFile 8ff53aac-g-npm-cache-g4-0-0-1-package-tgz tar://C:\Users\sfrees\AppData\Roaming\npm-cache\g4\0.0.1\package.tgz
23 silly lockFile 3c1ccf56-aming-npm-cache-g4-0-0-1-package C:\Users\sfrees\AppData\Roaming\npm-cache\g4\0.0.1\package
24 verbose lock C:\Users\sfrees\AppData\Roaming\npm-cache\g4\0.0.1\package C:\Users\sfrees\AppData\Roaming\npm-cache\3c1ccf56-aming-npm-cache-g4-0-0-1-package.lock
25 silly lockFile 3c1ccf56-aming-npm-cache-g4-0-0-1-package C:\Users\sfrees\AppData\Roaming\npm-cache\g4\0.0.1\package
26 silly lockFile 3c1ccf56-aming-npm-cache-g4-0-0-1-package C:\Users\sfrees\AppData\Roaming\npm-cache\g4\0.0.1\package
27 silly lockFile 0ee6c175- ./
28 silly lockFile 0ee6c175- ./
29 silly publish { name: 'g4',
29 silly publish   version: '0.0.1',
29 silly publish   description: 'client code for trackr implementation of Polhemus G4 system',
29 silly publish   main: 'index.js',
29 silly publish   scripts: { test: 'mocha' },
29 silly publish   repository: { type: 'git', url: 'https://github.com/freezer333/trackr' },
29 silly publish   keywords: [ 'vr', 'tracking', 'polhemus' ],
29 silly publish   author: { name: 'Scott Frees' },
29 silly publish   license: 'MIT',
29 silly publish   bugs: { url: 'https://github.com/freezer333/trackr/issues' },
29 silly publish   readme: 'ERROR: No README data found!',
29 silly publish   homepage: 'https://github.com/freezer333/trackr',
29 silly publish   _id: 'g4@0.0.1',
29 silly publish   _shasum: '747789b7f92efcc7017c0f412fe4b0f4a335544b',
29 silly publish   _from: './' }
30 error need auth auth and email required for publishing
30 error need auth You need to authorize this machine using `npm adduser`
31 error System Windows_NT 6.1.7601
32 error command "C:\\Program Files\\nodejs\\\\node.exe" "C:\\Program Files\\nodejs\\node_modules\\npm\\bin\\npm-cli.js" "publish" "./"
33 error cwd C:\dev\trackr\client\js\g4
34 error node -v v0.10.35
35 error npm -v 1.4.28
36 error code ENEEDAUTH
37 verbose exit [ 1, true ]
